<?xml version="1.0" encoding="UTF-8"?>
<!-- Generated by org.testng.reporters.JUnitReportReporter -->
<testsuite hostname="Amanda" name="Pear.news.MessgaeChangeread" tests="2" failures="0" timestamp="14 Dec 2017 07:27:02 GMT" time="27.528" errors="0">
  <testcase name="change" time="17.293" classname="Pear.news.MessgaeChangeread"/>
  <testcase name="Login" time="10.235" classname="Pear.news.MessgaeChangeread"/>
</testsuite> <!-- Pear.news.MessgaeChangeread -->
