<?xml version="1.0" encoding="UTF-8"?>
<!-- Generated by org.testng.reporters.JUnitReportReporter -->
<testsuite hostname="Amanda" name="Pear.login.PearLogout" tests="2" failures="0" timestamp="14 Dec 2017 07:27:02 GMT" time="16.761" errors="0">
  <testcase name="logout" time="6.813" classname="Pear.login.PearLogout"/>
  <testcase name="login" time="9.948" classname="Pear.login.PearLogout"/>
</testsuite> <!-- Pear.login.PearLogout -->
