<?xml version="1.0" encoding="UTF-8"?>
<!-- Generated by org.testng.reporters.JUnitReportReporter -->
<testsuite hostname="Amanda" name="Pear.link.LinkListClick" tests="2" failures="0" timestamp="14 Dec 2017 07:27:02 GMT" time="17.335" errors="0">
  <testcase name="Login" time="10.366" classname="Pear.link.LinkListClick"/>
  <testcase name="Click" time="6.969" classname="Pear.link.LinkListClick"/>
</testsuite> <!-- Pear.link.LinkListClick -->
