<?xml version="1.0" encoding="UTF-8"?>
<!-- Generated by org.testng.reporters.JUnitReportReporter -->
<testsuite skipped="0" hostname="Amanda" name="Pear.login.TestLogin" tests="1" failures="0" timestamp="24 十一月 2017 00:38:44 GMT" time="13.345" errors="0">
  <testcase name="testlogin" time="13.345" classname="Pear.login.TestLogin"/>
</testsuite> <!-- Pear.login.TestLogin -->
