<?xml version="1.0" encoding="UTF-8"?>
<!-- Generated by org.testng.reporters.JUnitReportReporter -->
<testsuite skipped="0" hostname="Amanda" name="Pear.talk.TalkClick" tests="2" failures="0" timestamp="24 十一月 2017 01:05:30 GMT" time="16.424" errors="0">
  <testcase name="Login" time="13.048" classname="Pear.talk.TalkClick"/>
  <testcase name="Click" time="3.376" classname="Pear.talk.TalkClick"/>
</testsuite> <!-- Pear.talk.TalkClick -->
