<?xml version="1.0" encoding="UTF-8"?>
<!-- Generated by org.testng.reporters.JUnitReportReporter -->
<testsuite hostname="Amanda" name="com.webtest.mail.SendMail" tests="1" failures="0" timestamp="8 Dec 2017 02:45:11 GMT" time="21.159" errors="0">
  <testcase name="send" time="21.159" classname="com.webtest.mail.SendMail"/>
</testsuite> <!-- com.webtest.mail.SendMail -->
