<?xml version="1.0" encoding="UTF-8"?>
<!-- Generated by org.testng.reporters.JUnitReportReporter -->
<testsuite hostname="Amanda" name="Pear.authority.RemoveMember" tests="2" failures="0" timestamp="12 Dec 2017 02:47:32 GMT" time="21.234" errors="0">
  <testcase name="remove" time="9.842" classname="Pear.authority.RemoveMember"/>
  <testcase name="Login" time="11.392" classname="Pear.authority.RemoveMember"/>
</testsuite> <!-- Pear.authority.RemoveMember -->
