<?xml version="1.0" encoding="UTF-8"?>
<!-- Generated by org.testng.reporters.JUnitReportReporter -->
<testsuite skipped="0" hostname="Amanda" name="Pear.talk.RepoListClick" tests="2" failures="0" timestamp="24 十一月 2017 01:10:33 GMT" time="19.755" errors="0">
  <testcase name="Login" time="13.000" classname="Pear.talk.RepoListClick"/>
  <testcase name="Click" time="6.755" classname="Pear.talk.RepoListClick"/>
</testsuite> <!-- Pear.talk.RepoListClick -->
