<?xml version="1.0" encoding="UTF-8"?>
<!-- Generated by org.testng.reporters.JUnitReportReporter -->
<testsuite hostname="Amanda" name="Pear.login.TestLogin" tests="1" failures="0" timestamp="14 Dec 2017 07:27:02 GMT" time="10.186" errors="0">
  <testcase name="testlogin" time="10.186" classname="Pear.login.TestLogin"/>
</testsuite> <!-- Pear.login.TestLogin -->
