<?xml version="1.0" encoding="UTF-8"?>
<!-- Generated by org.testng.reporters.JUnitReportReporter -->
<testsuite hostname="Amanda" name="Pear.authority.DetailsClick" tests="2" failures="0" timestamp="12 Dec 2017 02:47:32 GMT" time="21.615" errors="0">
  <testcase name="Click" time="10.079" classname="Pear.authority.DetailsClick"/>
  <testcase name="Login" time="11.536" classname="Pear.authority.DetailsClick"/>
</testsuite> <!-- Pear.authority.DetailsClick -->
