<?xml version="1.0" encoding="UTF-8"?>
<!-- Generated by org.testng.reporters.JUnitReportReporter -->
<testsuite hostname="Amanda" name="Pear.market.PictureStateChange" tests="2" failures="0" timestamp="14 Dec 2017 07:27:02 GMT" time="33.248" errors="0">
  <testcase name="Login" time="10.333" classname="Pear.market.PictureStateChange"/>
  <testcase name="change" time="22.915" classname="Pear.market.PictureStateChange"/>
</testsuite> <!-- Pear.market.PictureStateChange -->
