<?xml version="1.0" encoding="UTF-8"?>
<!-- Generated by org.testng.reporters.JUnitReportReporter -->
<testsuite hostname="Amanda" name="com.webtest.mail.SendMail" tests="1" failures="0" timestamp="12 Dec 2017 02:56:26 GMT" time="30.238" errors="0">
  <testcase name="send" time="30.238" classname="com.webtest.mail.SendMail"/>
</testsuite> <!-- com.webtest.mail.SendMail -->
