<?xml version="1.0" encoding="UTF-8"?>
<!-- Generated by org.testng.reporters.JUnitReportReporter -->
<testsuite hostname="Amanda" name="Pear.market.ShopTipsSearch" tests="2" failures="0" timestamp="14 Dec 2017 07:27:02 GMT" time="20.728" errors="0">
  <testcase name="search" time="10.226" classname="Pear.market.ShopTipsSearch"/>
  <testcase name="Login" time="10.502" classname="Pear.market.ShopTipsSearch"/>
</testsuite> <!-- Pear.market.ShopTipsSearch -->
