<?xml version="1.0" encoding="UTF-8"?>
<!-- Generated by org.testng.reporters.JUnitReportReporter -->
<testsuite hostname="Amanda" name="Pear.news.MessageChangedelete" tests="2" failures="0" timestamp="14 Dec 2017 07:27:02 GMT" time="27.919" errors="0">
  <testcase name="Login" time="10.284" classname="Pear.news.MessageChangedelete"/>
  <testcase name="change" time="17.635" classname="Pear.news.MessageChangedelete"/>
</testsuite> <!-- Pear.news.MessageChangedelete -->
