<?xml version="1.0" encoding="UTF-8"?>
<!-- Generated by org.testng.reporters.JUnitReportReporter -->
<testsuite hostname="Amanda" name="Pear.authority.AddAuthority" tests="5" failures="0" timestamp="14 Dec 2017 07:27:02 GMT" time="69.834" errors="0">
  <testcase name="Login" time="16.795" classname="Pear.authority.AddAuthority"/>
  <testcase name="add" time="13.335" classname="Pear.authority.AddAuthority"/>
  <testcase name="add" time="13.262" classname="Pear.authority.AddAuthority"/>
  <testcase name="add" time="13.159" classname="Pear.authority.AddAuthority"/>
  <testcase name="add" time="13.283" classname="Pear.authority.AddAuthority"/>
</testsuite> <!-- Pear.authority.AddAuthority -->
