<?xml version="1.0" encoding="UTF-8"?>
<!-- Generated by org.testng.reporters.JUnitReportReporter -->
<testsuite hostname="Amanda" name="Pear.link.ChangeClickNew" tests="2" failures="0" timestamp="14 Dec 2017 07:27:02 GMT" time="27.966" errors="0">
  <testcase name="change" time="17.302" classname="Pear.link.ChangeClickNew"/>
  <testcase name="Login" time="10.664" classname="Pear.link.ChangeClickNew"/>
</testsuite> <!-- Pear.link.ChangeClickNew -->
