<?xml version="1.0" encoding="UTF-8"?>
<!-- Generated by org.testng.reporters.JUnitReportReporter -->
<testsuite hostname="Amanda" name="Pear.login.PearLogout" tests="2" failures="0" timestamp="13 Dec 2017 01:49:15 GMT" time="17.745" errors="0">
  <testcase name="logout" time="6.930" classname="Pear.login.PearLogout"/>
  <testcase name="login" time="10.815" classname="Pear.login.PearLogout"/>
</testsuite> <!-- Pear.login.PearLogout -->
