<?xml version="1.0" encoding="UTF-8"?>
<!-- Generated by org.testng.reporters.JUnitReportReporter -->
<testsuite skipped="0" hostname="Amanda" name="Pear.login.TestLogin" tests="1" failures="0" timestamp="21 十一月 2017 02:50:38 GMT" time="8.634" errors="0">
  <testcase name="testlogin" time="8.634" classname="Pear.login.TestLogin"/>
</testsuite> <!-- Pear.login.TestLogin -->
