<?xml version="1.0" encoding="UTF-8"?>
<!-- Generated by org.testng.reporters.JUnitReportReporter -->
<testsuite skipped="0" hostname="Amanda" name="Pear.news.PublishNews" tests="2" failures="0" timestamp="28 十一月 2017 08:55:39 GMT" time="33.794" errors="0">
  <testcase name="Login" time="13.010" classname="Pear.news.PublishNews"/>
  <testcase name="Click" time="20.784" classname="Pear.news.PublishNews"/>
</testsuite> <!-- Pear.news.PublishNews -->
