<?xml version="1.0" encoding="UTF-8"?>
<!-- Generated by org.testng.reporters.JUnitReportReporter -->
<testsuite skipped="0" hostname="Amanda" name="Pear.news.PublishMessage" tests="9" failures="0" timestamp="30 十一月 2017 08:15:09 GMT" time="78.240" errors="0">
  <testcase name="publish" time="7.359" classname="Pear.news.PublishMessage"/>
  <testcase name="publish" time="7.252" classname="Pear.news.PublishMessage"/>
  <testcase name="publish" time="7.347" classname="Pear.news.PublishMessage"/>
  <testcase name="publish" time="7.216" classname="Pear.news.PublishMessage"/>
  <testcase name="publish" time="7.310" classname="Pear.news.PublishMessage"/>
  <testcase name="Login" time="19.842" classname="Pear.news.PublishMessage"/>
  <testcase name="publish" time="7.446" classname="Pear.news.PublishMessage"/>
  <testcase name="publish" time="7.233" classname="Pear.news.PublishMessage"/>
  <testcase name="publish" time="7.235" classname="Pear.news.PublishMessage"/>
</testsuite> <!-- Pear.news.PublishMessage -->
