<?xml version="1.0" encoding="UTF-8"?>
<!-- Generated by org.testng.reporters.JUnitReportReporter -->
<<<<<<< HEAD
<testsuite hostname="Amanda" name="Pear.login.PearLogout" tests="2" failures="0" timestamp="14 Dec 2017 07:27:02 GMT" time="16.761" errors="0">
  <testcase name="logout" time="6.813" classname="Pear.login.PearLogout"/>
  <testcase name="login" time="9.948" classname="Pear.login.PearLogout"/>
=======
<testsuite hostname="Amanda" name="Pear.login.PearLogout" tests="2" failures="0" timestamp="13 Dec 2017 01:49:15 GMT" time="17.745" errors="0">
  <testcase name="logout" time="6.930" classname="Pear.login.PearLogout"/>
  <testcase name="login" time="10.815" classname="Pear.login.PearLogout"/>
>>>>>>> 03952219d547f52fdbc9fdd81a8778b603bcda1b
</testsuite> <!-- Pear.login.PearLogout -->
