<?xml version="1.0" encoding="UTF-8"?>
<!-- Generated by org.testng.reporters.JUnitReportReporter -->
<testsuite hostname="Amanda" name="Pear.talk.TalkListSelect" tests="2" failures="0" timestamp="14 Dec 2017 07:27:02 GMT" time="21.549" errors="0">
  <testcase name="search" time="10.273" classname="Pear.talk.TalkListSelect"/>
  <testcase name="Login" time="11.276" classname="Pear.talk.TalkListSelect"/>
</testsuite> <!-- Pear.talk.TalkListSelect -->
