<?xml version="1.0" encoding="UTF-8"?>
<!-- Generated by org.testng.reporters.JUnitReportReporter -->
<testsuite hostname="Amanda" name="Pear.authority.AuthorityClick" tests="2" failures="0" timestamp="12 Dec 2017 02:47:32 GMT" time="14.830" errors="0">
  <testcase name="Click" time="3.349" classname="Pear.authority.AuthorityClick"/>
  <testcase name="Login" time="11.481" classname="Pear.authority.AuthorityClick"/>
</testsuite> <!-- Pear.authority.AuthorityClick -->
