<?xml version="1.0" encoding="UTF-8"?>
<!-- Generated by org.testng.reporters.JUnitReportReporter -->
<testsuite skipped="0" hostname="Amanda" name="Pear.market.ShopTips" tests="2" failures="0" timestamp="28 十一月 2017 07:24:27 GMT" time="19.908" errors="0">
  <testcase name="Click" time="6.789" classname="Pear.market.ShopTips"/>
  <testcase name="Login" time="13.119" classname="Pear.market.ShopTips"/>
</testsuite> <!-- Pear.market.ShopTips -->
