<?xml version="1.0" encoding="UTF-8"?>
<!-- Generated by org.testng.reporters.JUnitReportReporter -->
<<<<<<< HEAD
<testsuite hostname="Amanda" name="Pear.link.AddLink" tests="4" failures="0" timestamp="14 Dec 2017 07:27:02 GMT" time="51.588" errors="0">
  <testcase name="add" time="13.675" classname="Pear.link.AddLink"/>
  <testcase name="add" time="13.835" classname="Pear.link.AddLink"/>
  <testcase name="Login" time="10.277" classname="Pear.link.AddLink"/>
  <testcase name="add" time="13.801" classname="Pear.link.AddLink"/>
=======
<testsuite hostname="Amanda" name="Pear.link.AddLink" tests="4" failures="0" timestamp="13 Dec 2017 01:49:15 GMT" time="5.885" errors="0">
  <testcase name="Login" time="5.785" classname="Pear.link.AddLink"/>
  <testcase name="add" time="0.031" classname="Pear.link.AddLink"/>
  <testcase name="add" time="0.031" classname="Pear.link.AddLink"/>
  <testcase name="add" time="0.038" classname="Pear.link.AddLink"/>
>>>>>>> 03952219d547f52fdbc9fdd81a8778b603bcda1b
</testsuite> <!-- Pear.link.AddLink -->
