<?xml version="1.0" encoding="UTF-8"?>
<!-- Generated by org.testng.reporters.JUnitReportReporter -->
<testsuite hostname="Amanda" name="Pear.news.PublishNews" tests="7" failures="0" timestamp="14 Dec 2017 07:27:02 GMT" time="80.572" errors="0">
  <testcase name="publish" time="10.486" classname="Pear.news.PublishNews"/>
  <testcase name="Login" time="16.967" classname="Pear.news.PublishNews"/>
  <testcase name="publish" time="10.627" classname="Pear.news.PublishNews"/>
  <testcase name="publish" time="10.643" classname="Pear.news.PublishNews"/>
  <testcase name="publish" time="10.752" classname="Pear.news.PublishNews"/>
  <testcase name="publish" time="10.580" classname="Pear.news.PublishNews"/>
  <testcase name="publish" time="10.517" classname="Pear.news.PublishNews"/>
</testsuite> <!-- Pear.news.PublishNews -->
