<?xml version="1.0" encoding="UTF-8"?>
<!-- Generated by org.testng.reporters.JUnitReportReporter -->
<testsuite skipped="0" hostname="Amanda" name="Pear.news.MessageChange" tests="2" failures="0" timestamp="29 十一月 2017 07:10:21 GMT" time="38.355" errors="0">
  <testcase name="change" time="24.656" classname="Pear.news.MessageChange"/>
  <testcase name="Login" time="13.699" classname="Pear.news.MessageChange"/>
</testsuite> <!-- Pear.news.MessageChange -->
