<?xml version="1.0" encoding="UTF-8"?>
<!-- Generated by org.testng.reporters.JUnitReportReporter -->
<testsuite hostname="Amanda" name="Pear.market.PictureListSearch" tests="2" failures="0" timestamp="14 Dec 2017 07:27:02 GMT" time="21.185" errors="0">
  <testcase name="search" time="10.323" classname="Pear.market.PictureListSearch"/>
  <testcase name="Login" time="10.862" classname="Pear.market.PictureListSearch"/>
</testsuite> <!-- Pear.market.PictureListSearch -->
