<?xml version="1.0" encoding="UTF-8"?>
<!-- Generated by org.testng.reporters.JUnitReportReporter -->
<testsuite hostname="Amanda" name="Pear.link.LinkListSearch" tests="2" failures="0" timestamp="14 Dec 2017 07:27:02 GMT" time="20.466" errors="0">
  <testcase name="Search" time="10.461" classname="Pear.link.LinkListSearch"/>
  <testcase name="Login" time="10.005" classname="Pear.link.LinkListSearch"/>
</testsuite> <!-- Pear.link.LinkListSearch -->
