<?xml version="1.0" encoding="UTF-8"?>
<!-- Generated by org.testng.reporters.JUnitReportReporter -->
<testsuite hostname="Amanda" name="Pear.news.PubChangepublished" tests="2" failures="0" timestamp="14 Dec 2017 07:27:02 GMT" time="31.075" errors="0">
  <testcase name="change" time="20.604" classname="Pear.news.PubChangepublished"/>
  <testcase name="Login" time="10.471" classname="Pear.news.PubChangepublished"/>
</testsuite> <!-- Pear.news.PubChangepublished -->
