<?xml version="1.0" encoding="UTF-8"?>
<!-- Generated by org.testng.reporters.JUnitReportReporter -->
<testsuite hostname="Amanda" name="Pear.login.PersonalCenter" tests="2" failures="0" timestamp="14 Dec 2017 07:27:02 GMT" time="47.745" errors="0">
  <testcase name="writeinfo" time="36.660" classname="Pear.login.PersonalCenter"/>
  <testcase name="login" time="11.085" classname="Pear.login.PersonalCenter"/>
</testsuite> <!-- Pear.login.PersonalCenter -->
