<?xml version="1.0" encoding="UTF-8"?>
<!-- Generated by org.testng.reporters.JUnitReportReporter -->
<testsuite skipped="0" hostname="Amanda" name="Pear.talk.TalkListSelect" tests="2" failures="0" timestamp="24 十一月 2017 01:23:27 GMT" time="24.358" errors="0">
  <testcase name="Click" time="10.373" classname="Pear.talk.TalkListSelect"/>
  <testcase name="Login" time="13.985" classname="Pear.talk.TalkListSelect"/>
</testsuite> <!-- Pear.talk.TalkListSelect -->
