<?xml version="1.0" encoding="UTF-8"?>
<!-- Generated by org.testng.reporters.JUnitReportReporter -->
<testsuite hostname="Amanda" name="Pear.news.PubSearch" tests="2" failures="0" timestamp="14 Dec 2017 07:27:02 GMT" time="20.465" errors="0">
  <testcase name="Login" time="9.954" classname="Pear.news.PubSearch"/>
  <testcase name="search" time="10.511" classname="Pear.news.PubSearch"/>
</testsuite> <!-- Pear.news.PubSearch -->
