<?xml version="1.0" encoding="UTF-8"?>
<!-- Generated by org.testng.reporters.JUnitReportReporter -->
<testsuite skipped="0" hostname="Amanda" name="Pear.news.PublishNews" tests="7" failures="0" timestamp="30 十一月 2017 08:08:59 GMT" time="104.302" errors="0">
  <testcase name="publish" time="13.980" classname="Pear.news.PublishNews"/>
  <testcase name="publish" time="14.085" classname="Pear.news.PublishNews"/>
  <testcase name="publish" time="14.118" classname="Pear.news.PublishNews"/>
  <testcase name="publish" time="14.249" classname="Pear.news.PublishNews"/>
  <testcase name="publish" time="14.144" classname="Pear.news.PublishNews"/>
  <testcase name="Login" time="19.743" classname="Pear.news.PublishNews"/>
  <testcase name="publish" time="13.983" classname="Pear.news.PublishNews"/>
</testsuite> <!-- Pear.news.PublishNews -->
