<?xml version="1.0" encoding="UTF-8"?>
<!-- Generated by org.testng.reporters.JUnitReportReporter -->
<testsuite hostname="Amanda" name="Pear.talk.RepoListClick" tests="2" failures="0" timestamp="14 Dec 2017 07:27:02 GMT" time="17.105" errors="0">
  <testcase name="Click" time="6.795" classname="Pear.talk.RepoListClick"/>
  <testcase name="Login" time="10.310" classname="Pear.talk.RepoListClick"/>
</testsuite> <!-- Pear.talk.RepoListClick -->
