<?xml version="1.0" encoding="UTF-8"?>
<!-- Generated by org.testng.reporters.JUnitReportReporter -->
<testsuite hostname="Amanda" name="Pear.link.RemoveLink" tests="2" failures="0" timestamp="14 Dec 2017 07:27:02 GMT" time="20.477" errors="0">
  <testcase name="Login" time="10.368" classname="Pear.link.RemoveLink"/>
  <testcase name="remove" time="10.109" classname="Pear.link.RemoveLink"/>
</testsuite> <!-- Pear.link.RemoveLink -->
