<?xml version="1.0" encoding="UTF-8"?>
<!-- Generated by org.testng.reporters.JUnitReportReporter -->
<testsuite hostname="Amanda" name="Pear.news.PubChangeoverdue" tests="2" failures="0" timestamp="14 Dec 2017 07:27:02 GMT" time="30.879" errors="0">
  <testcase name="Login" time="10.422" classname="Pear.news.PubChangeoverdue"/>
  <testcase name="change" time="20.457" classname="Pear.news.PubChangeoverdue"/>
</testsuite> <!-- Pear.news.PubChangeoverdue -->
