<?xml version="1.0" encoding="UTF-8"?>
<!-- Generated by org.testng.reporters.JUnitReportReporter -->
<testsuite skipped="0" hostname="Amanda" name="Pear.news.PubRemove" tests="2" failures="0" timestamp="29 十一月 2017 08:43:13 GMT" time="23.002" errors="0">
  <testcase name="delete" time="9.871" classname="Pear.news.PubRemove"/>
  <testcase name="Login" time="13.131" classname="Pear.news.PubRemove"/>
</testsuite> <!-- Pear.news.PubRemove -->
