<?xml version="1.0" encoding="UTF-8"?>
<!-- Generated by org.testng.reporters.JUnitReportReporter -->
<testsuite skipped="0" hostname="Amanda" name="Pear.news.MessageClick" tests="2" failures="0" timestamp="24 十一月 2017 02:53:00 GMT" time="19.634" errors="0">
  <testcase name="Login" time="12.880" classname="Pear.news.MessageClick"/>
  <testcase name="Click" time="6.754" classname="Pear.news.MessageClick"/>
</testsuite> <!-- Pear.news.MessageClick -->
