<?xml version="1.0" encoding="UTF-8"?>
<!-- Generated by org.testng.reporters.JUnitReportReporter -->
<testsuite hostname="Amanda" name="com.webtest.mail.SendMail" tests="1" failures="0" timestamp="13 Dec 2017 01:46:56 GMT" time="22.420" errors="0">
  <testcase name="send" time="22.420" classname="com.webtest.mail.SendMail"/>
</testsuite> <!-- com.webtest.mail.SendMail -->
