<?xml version="1.0" encoding="UTF-8"?>
<!-- Generated by org.testng.reporters.JUnitReportReporter -->
<testsuite hostname="Amanda" name="Pear.link.AddLinkList" tests="2" failures="0" timestamp="11 Dec 2017 06:38:53 GMT" time="17.834" errors="0">
  <testcase name="Login" time="10.989" classname="Pear.link.AddLinkList"/>
  <testcase name="Click" time="6.845" classname="Pear.link.AddLinkList"/>
</testsuite> <!-- Pear.link.AddLinkList -->
