<?xml version="1.0" encoding="UTF-8"?>
<!-- Generated by org.testng.reporters.JUnitReportReporter -->
<testsuite hostname="Amanda" name="Pear.authority.DetailsClick" tests="2" failures="0" timestamp="14 Dec 2017 07:27:02 GMT" time="20.497" errors="0">
  <testcase name="Login" time="10.398" classname="Pear.authority.DetailsClick"/>
  <testcase name="Click" time="10.099" classname="Pear.authority.DetailsClick"/>
</testsuite> <!-- Pear.authority.DetailsClick -->
