<?xml version="1.0" encoding="UTF-8"?>
<!-- Generated by org.testng.reporters.JUnitReportReporter -->
<testsuite skipped="0" hostname="Amanda" name="Pear.market.PictureListSearch" tests="2" failures="0" timestamp="28 十一月 2017 07:41:13 GMT" time="23.313" errors="0">
  <testcase name="Click" time="10.300" classname="Pear.market.PictureListSearch"/>
  <testcase name="Login" time="13.013" classname="Pear.market.PictureListSearch"/>
</testsuite> <!-- Pear.market.PictureListSearch -->
