<?xml version="1.0" encoding="UTF-8"?>
<!-- Generated by org.testng.reporters.JUnitReportReporter -->
<testsuite hostname="Amanda" name="Pear.news.MessageRemove" tests="2" failures="0" timestamp="14 Dec 2017 07:27:02 GMT" time="24.070" errors="0">
  <testcase name="Login" time="10.676" classname="Pear.news.MessageRemove"/>
  <testcase name="delete" time="13.394" classname="Pear.news.MessageRemove"/>
</testsuite> <!-- Pear.news.MessageRemove -->
