<?xml version="1.0" encoding="UTF-8"?>
<!-- Generated by org.testng.reporters.JUnitReportReporter -->
<testsuite hostname="Amanda" name="Pear.authority.ViewAuthorityClick" tests="2" failures="0" timestamp="12 Dec 2017 02:47:32 GMT" time="18.227" errors="0">
  <testcase name="Click" time="6.964" classname="Pear.authority.ViewAuthorityClick"/>
  <testcase name="Login" time="11.263" classname="Pear.authority.ViewAuthorityClick"/>
</testsuite> <!-- Pear.authority.ViewAuthorityClick -->
