<?xml version="1.0" encoding="UTF-8"?>
<!-- Generated by org.testng.reporters.JUnitReportReporter -->
<testsuite skipped="0" hostname="Amanda" name="Pear.news.PublishNews" tests="7" failures="0" timestamp="29 十一月 2017 08:04:35 GMT" time="137.628" errors="0">
  <testcase name="publish" time="20.914" classname="Pear.news.PublishNews"/>
  <testcase name="publish" time="20.698" classname="Pear.news.PublishNews"/>
  <testcase name="publish" time="20.900" classname="Pear.news.PublishNews"/>
  <testcase name="Login" time="12.877" classname="Pear.news.PublishNews"/>
  <testcase name="publish" time="20.716" classname="Pear.news.PublishNews"/>
  <testcase name="publish" time="20.794" classname="Pear.news.PublishNews"/>
  <testcase name="publish" time="20.729" classname="Pear.news.PublishNews"/>
</testsuite> <!-- Pear.news.PublishNews -->
