<?xml version="1.0" encoding="UTF-8"?>
<!-- Generated by org.testng.reporters.JUnitReportReporter -->
<testsuite skipped="0" hostname="Amanda" name="Pear.news.PubChange" tests="2" failures="0" timestamp="28 十一月 2017 07:07:29 GMT" time="36.947" errors="0">
  <testcase name="Login" time="13.017" classname="Pear.news.PubChange"/>
  <testcase name="search" time="23.930" classname="Pear.news.PubChange"/>
</testsuite> <!-- Pear.news.PubChange -->
