<?xml version="1.0" encoding="UTF-8"?>
<!-- Generated by org.testng.reporters.JUnitReportReporter -->
<testsuite hostname="Amanda" name="Pear.authority.AddAuthorityClick" tests="2" failures="0" timestamp="12 Dec 2017 02:47:32 GMT" time="18.393" errors="0">
  <testcase name="Login" time="11.114" classname="Pear.authority.AddAuthorityClick"/>
  <testcase name="Click" time="7.279" classname="Pear.authority.AddAuthorityClick"/>
</testsuite> <!-- Pear.authority.AddAuthorityClick -->
