<?xml version="1.0" encoding="UTF-8"?>
<!-- Generated by org.testng.reporters.JUnitReportReporter -->
<testsuite hostname="Amanda" name="Pear.link.AddLinkListClick" tests="2" failures="0" timestamp="11 Dec 2017 13:52:41 GMT" time="18.448" errors="0">
  <testcase name="Click" time="6.782" classname="Pear.link.AddLinkListClick"/>
  <testcase name="Login" time="11.666" classname="Pear.link.AddLinkListClick"/>
</testsuite> <!-- Pear.link.AddLinkListClick -->
