<?xml version="1.0" encoding="UTF-8"?>
<!-- Generated by org.testng.reporters.JUnitReportReporter -->
<testsuite skipped="0" hostname="Amanda" name="Pear.market.ShopTipsSearch" tests="2" failures="0" timestamp="28 十一月 2017 07:46:58 GMT" time="23.258" errors="0">
  <testcase name="Click" time="10.249" classname="Pear.market.ShopTipsSearch"/>
  <testcase name="Login" time="13.009" classname="Pear.market.ShopTipsSearch"/>
</testsuite> <!-- Pear.market.ShopTipsSearch -->
