<?xml version="1.0" encoding="UTF-8"?>
<!-- Generated by org.testng.reporters.JUnitReportReporter -->
<testsuite hostname="Amanda" name="com.webtest.mail.SendMail" tests="1" failures="0" timestamp="11 Dec 2017 13:52:48 GMT" time="4.696" errors="0">
  <testcase name="send" time="4.696" classname="com.webtest.mail.SendMail"/>
</testsuite> <!-- com.webtest.mail.SendMail -->
