<?xml version="1.0" encoding="UTF-8"?>
<!-- Generated by org.testng.reporters.JUnitReportReporter -->
<testsuite skipped="0" hostname="Amanda" name="Pear.news.PubRemove" tests="2" failures="0" timestamp="29 十一月 2017 01:36:11 GMT" time="23.112" errors="0">
  <testcase name="search" time="9.882" classname="Pear.news.PubRemove"/>
  <testcase name="Login" time="13.230" classname="Pear.news.PubRemove"/>
</testsuite> <!-- Pear.news.PubRemove -->
