<?xml version="1.0" encoding="UTF-8"?>
<!-- Generated by org.testng.reporters.JUnitReportReporter -->
<testsuite hostname="Amanda" name="Pear.link.AddLinkSearch" tests="2" failures="0" timestamp="14 Dec 2017 07:27:02 GMT" time="17.923" errors="0">
  <testcase name="Search" time="6.863" classname="Pear.link.AddLinkSearch"/>
  <testcase name="Login" time="11.060" classname="Pear.link.AddLinkSearch"/>
</testsuite> <!-- Pear.link.AddLinkSearch -->
