<?xml version="1.0" encoding="UTF-8"?>
<!-- Generated by org.testng.reporters.JUnitReportReporter -->
<testsuite hostname="Amanda" name="Pear.link.LinkClick" tests="2" failures="0" timestamp="14 Dec 2017 07:27:02 GMT" time="13.247" errors="0">
  <testcase name="Login" time="9.964" classname="Pear.link.LinkClick"/>
  <testcase name="Click" time="3.283" classname="Pear.link.LinkClick"/>
</testsuite> <!-- Pear.link.LinkClick -->
