<?xml version="1.0" encoding="UTF-8"?>
<!-- Generated by org.testng.reporters.JUnitReportReporter -->
<testsuite hostname="Amanda" name="Pear.link.LinkListClick" tests="2" failures="0" timestamp="11 Dec 2017 13:52:41 GMT" time="18.427" errors="0">
  <testcase name="Login" time="11.376" classname="Pear.link.LinkListClick"/>
  <testcase name="Click" time="7.051" classname="Pear.link.LinkListClick"/>
</testsuite> <!-- Pear.link.LinkListClick -->
