<?xml version="1.0" encoding="UTF-8"?>
<!-- Generated by org.testng.reporters.JUnitReportReporter -->
<testsuite hostname="Amanda" name="Pear.market.StoreClick" tests="2" failures="0" timestamp="14 Dec 2017 07:27:02 GMT" time="13.345" errors="0">
  <testcase name="Login" time="10.026" classname="Pear.market.StoreClick"/>
  <testcase name="Click" time="3.319" classname="Pear.market.StoreClick"/>
</testsuite> <!-- Pear.market.StoreClick -->
