<?xml version="1.0" encoding="UTF-8"?>
<!-- Generated by org.testng.reporters.JUnitReportReporter -->
<<<<<<< HEAD
<testsuite hostname="Amanda" name="Pear.market.AddPicture" tests="4" failures="0" timestamp="14 Dec 2017 07:27:02 GMT" time="31.827" errors="0">
  <testcase name="add" time="3.812" classname="Pear.market.AddPicture"/>
  <testcase name="add" time="3.735" classname="Pear.market.AddPicture"/>
  <testcase name="Login" time="20.591" classname="Pear.market.AddPicture"/>
  <testcase name="add" time="3.689" classname="Pear.market.AddPicture"/>
=======
<testsuite hostname="Amanda" name="Pear.market.AddPicture" tests="4" failures="0" timestamp="13 Dec 2017 01:49:15 GMT" time="5.774" errors="0">
  <testcase name="add" time="0.034" classname="Pear.market.AddPicture"/>
  <testcase name="add" time="0.015" classname="Pear.market.AddPicture"/>
  <testcase name="add" time="0.019" classname="Pear.market.AddPicture"/>
  <testcase name="Login" time="5.706" classname="Pear.market.AddPicture"/>
>>>>>>> 03952219d547f52fdbc9fdd81a8778b603bcda1b
</testsuite> <!-- Pear.market.AddPicture -->
