<?xml version="1.0" encoding="UTF-8"?>
<!-- Generated by org.testng.reporters.JUnitReportReporter -->
<testsuite skipped="0" hostname="Amanda" name="Pear.news.NewsClick" tests="2" failures="0" timestamp="24 十一月 2017 02:41:39 GMT" time="16.282" errors="0">
  <testcase name="Login" time="12.961" classname="Pear.news.NewsClick"/>
  <testcase name="Click" time="3.321" classname="Pear.news.NewsClick"/>
</testsuite> <!-- Pear.news.NewsClick -->
