<?xml version="1.0" encoding="UTF-8"?>
<!-- Generated by org.testng.reporters.JUnitReportReporter -->
<testsuite hostname="Amanda" name="Pear.login.TestLogin" tests="1" failures="0" timestamp="8 Dec 2017 02:44:48 GMT" time="12.287" errors="0">
  <testcase name="testlogin" time="12.287" classname="Pear.login.TestLogin"/>
</testsuite> <!-- Pear.login.TestLogin -->
