<?xml version="1.0" encoding="UTF-8"?>
<!-- Generated by org.testng.reporters.JUnitReportReporter -->
<testsuite hostname="Amanda" name="Pear.news.MessageChange" tests="2" failures="0" timestamp="13 Dec 2017 01:49:15 GMT" time="18.256" errors="0">
  <testcase name="Login" time="10.996" classname="Pear.news.MessageChange"/>
  <testcase name="change" time="7.260" classname="Pear.news.MessageChange"/>
</testsuite> <!-- Pear.news.MessageChange -->
