<?xml version="1.0" encoding="UTF-8"?>
<!-- Generated by org.testng.reporters.JUnitReportReporter -->
<testsuite hostname="Amanda" name="Pear.link.AddLink" tests="4" failures="0" timestamp="14 Dec 2017 07:27:02 GMT" time="51.588" errors="0">
  <testcase name="add" time="13.675" classname="Pear.link.AddLink"/>
  <testcase name="add" time="13.835" classname="Pear.link.AddLink"/>
  <testcase name="Login" time="10.277" classname="Pear.link.AddLink"/>
  <testcase name="add" time="13.801" classname="Pear.link.AddLink"/>
</testsuite> <!-- Pear.link.AddLink -->
