<?xml version="1.0" encoding="UTF-8"?>
<!-- Generated by org.testng.reporters.JUnitReportReporter -->
<testsuite hostname="Amanda" name="Pear.market.PictureRemove" tests="2" failures="0" timestamp="14 Dec 2017 07:27:02 GMT" time="20.444" errors="0">
  <testcase name="remove" time="10.130" classname="Pear.market.PictureRemove"/>
  <testcase name="Login" time="10.314" classname="Pear.market.PictureRemove"/>
</testsuite> <!-- Pear.market.PictureRemove -->
