<?xml version="1.0" encoding="UTF-8"?>
<!-- Generated by org.testng.reporters.JUnitReportReporter -->
<testsuite skipped="0" hostname="Amanda" name="Pear.market.PictureStateChange1" tests="2" failures="0" timestamp="28 十一月 2017 08:21:41 GMT" time="36.295" errors="0">
  <testcase name="Login" time="13.448" classname="Pear.market.PictureStateChange1"/>
  <testcase name="Click" time="22.847" classname="Pear.market.PictureStateChange1"/>
</testsuite> <!-- Pear.market.PictureStateChange1 -->
