<?xml version="1.0" encoding="UTF-8"?>
<!-- Generated by org.testng.reporters.JUnitReportReporter -->
<testsuite hostname="Amanda" name="Pear.market.AddPicture" tests="4" failures="0" timestamp="14 Dec 2017 07:27:02 GMT" time="31.827" errors="0">
  <testcase name="add" time="3.812" classname="Pear.market.AddPicture"/>
  <testcase name="add" time="3.735" classname="Pear.market.AddPicture"/>
  <testcase name="Login" time="20.591" classname="Pear.market.AddPicture"/>
  <testcase name="add" time="3.689" classname="Pear.market.AddPicture"/>
</testsuite> <!-- Pear.market.AddPicture -->
