<?xml version="1.0" encoding="UTF-8"?>
<!-- Generated by org.testng.reporters.JUnitReportReporter -->
<testsuite hostname="Amanda" name="Pear.news.NewsClick" tests="2" failures="0" timestamp="14 Dec 2017 07:27:02 GMT" time="14.563" errors="0">
  <testcase name="Login" time="11.265" classname="Pear.news.NewsClick"/>
  <testcase name="Click" time="3.298" classname="Pear.news.NewsClick"/>
</testsuite> <!-- Pear.news.NewsClick -->
