<?xml version="1.0" encoding="UTF-8"?>
<!-- Generated by org.testng.reporters.JUnitReportReporter -->
<testsuite hostname="Amanda" name="Pear.news.RewriteNews" tests="2" failures="0" timestamp="14 Dec 2017 07:27:02 GMT" time="27.281" errors="0">
  <testcase name="Login" time="17.091" classname="Pear.news.RewriteNews"/>
  <testcase name="rewrite" time="10.190" classname="Pear.news.RewriteNews"/>
</testsuite> <!-- Pear.news.RewriteNews -->
