<?xml version="1.0" encoding="UTF-8"?>
<!-- Generated by org.testng.reporters.JUnitReportReporter -->
<testsuite skipped="0" hostname="Amanda" name="Pear.news.PubSearch" tests="2" failures="0" timestamp="24 十一月 2017 03:15:40 GMT" time="23.626" errors="0">
  <testcase name="Login" time="13.111" classname="Pear.news.PubSearch"/>
  <testcase name="search" time="10.515" classname="Pear.news.PubSearch"/>
</testsuite> <!-- Pear.news.PubSearch -->
