<?xml version="1.0" encoding="UTF-8"?>
<!-- Generated by org.testng.reporters.JUnitReportReporter -->
<testsuite skipped="0" hostname="Amanda" name="Pear.news.MessgaeChangeread" tests="2" failures="0" timestamp="30 十一月 2017 08:32:33 GMT" time="30.556" errors="0">
  <testcase name="change" time="17.650" classname="Pear.news.MessgaeChangeread"/>
  <testcase name="Login" time="12.906" classname="Pear.news.MessgaeChangeread"/>
</testsuite> <!-- Pear.news.MessgaeChangeread -->
