<?xml version="1.0" encoding="UTF-8"?>
<!-- Generated by org.testng.reporters.JUnitReportReporter -->
<testsuite hostname="Amanda" name="Pear.news.MessageClick" tests="2" failures="0" timestamp="14 Dec 2017 07:27:02 GMT" time="17.888" errors="0">
  <testcase name="Login" time="11.022" classname="Pear.news.MessageClick"/>
  <testcase name="Click" time="6.866" classname="Pear.news.MessageClick"/>
</testsuite> <!-- Pear.news.MessageClick -->
