<?xml version="1.0" encoding="UTF-8"?>
<!-- Generated by org.testng.reporters.JUnitReportReporter -->
<testsuite hostname="Amanda" name="Pear.market.PictureListClick" tests="2" failures="0" timestamp="14 Dec 2017 07:27:02 GMT" time="17.412" errors="0">
  <testcase name="Click" time="6.937" classname="Pear.market.PictureListClick"/>
  <testcase name="Login" time="10.475" classname="Pear.market.PictureListClick"/>
</testsuite> <!-- Pear.market.PictureListClick -->
