<?xml version="1.0" encoding="UTF-8"?>
<!-- Generated by org.testng.reporters.JUnitReportReporter -->
<testsuite hostname="Amanda" name="Pear.link.ChangeLinkAbandon" tests="2" failures="0" timestamp="14 Dec 2017 07:27:02 GMT" time="28.447" errors="0">
  <testcase name="change" time="17.823" classname="Pear.link.ChangeLinkAbandon"/>
  <testcase name="Login" time="10.624" classname="Pear.link.ChangeLinkAbandon"/>
</testsuite> <!-- Pear.link.ChangeLinkAbandon -->
