<?xml version="1.0" encoding="UTF-8"?>
<!-- Generated by org.testng.reporters.JUnitReportReporter -->
<testsuite skipped="0" hostname="Amanda" name="Pear.talk.RepoListSelect" tests="2" failures="0" timestamp="24 十一月 2017 01:28:35 GMT" time="23.355" errors="0">
  <testcase name="Click" time="10.313" classname="Pear.talk.RepoListSelect"/>
  <testcase name="Login" time="13.042" classname="Pear.talk.RepoListSelect"/>
</testsuite> <!-- Pear.talk.RepoListSelect -->
