<?xml version="1.0" encoding="UTF-8"?>
<!-- Generated by org.testng.reporters.JUnitReportReporter -->
<testsuite skipped="0" hostname="Amanda" name="Pear.market.PictureList" tests="2" failures="0" timestamp="28 十一月 2017 07:23:42 GMT" time="20.161" errors="0">
  <testcase name="Click" time="6.900" classname="Pear.market.PictureList"/>
  <testcase name="Login" time="13.261" classname="Pear.market.PictureList"/>
</testsuite> <!-- Pear.market.PictureList -->
