<?xml version="1.0" encoding="UTF-8"?>
<!-- Generated by org.testng.reporters.JUnitReportReporter -->
<testsuite hostname="Amanda" name="Pear.link.AddLinkListClick" tests="2" failures="0" timestamp="14 Dec 2017 07:27:02 GMT" time="17.928" errors="0">
  <testcase name="Click" time="7.121" classname="Pear.link.AddLinkListClick"/>
  <testcase name="Login" time="10.807" classname="Pear.link.AddLinkListClick"/>
</testsuite> <!-- Pear.link.AddLinkListClick -->
