<?xml version="1.0" encoding="UTF-8"?>
<!-- Generated by org.testng.reporters.JUnitReportReporter -->
<testsuite skipped="0" hostname="Amanda" name="Pear.market.AddPicture" tests="5" failures="0" timestamp="30 十一月 2017 08:45:02 GMT" time="37.039" errors="0">
  <testcase name="Login" time="21.615" classname="Pear.market.AddPicture"/>
  <testcase name="add" time="3.870" classname="Pear.market.AddPicture"/>
  <testcase name="add" time="3.794" classname="Pear.market.AddPicture"/>
  <testcase name="add" time="3.936" classname="Pear.market.AddPicture"/>
  <testcase name="add" time="3.824" classname="Pear.market.AddPicture"/>
</testsuite> <!-- Pear.market.AddPicture -->
