<?xml version="1.0" encoding="UTF-8"?>
<!-- Generated by org.testng.reporters.JUnitReportReporter -->
<testsuite hostname="Amanda" name="Pear.news.MessageSearch" tests="2" failures="0" timestamp="14 Dec 2017 07:27:02 GMT" time="20.889" errors="0">
  <testcase name="Login" time="10.395" classname="Pear.news.MessageSearch"/>
  <testcase name="search" time="10.494" classname="Pear.news.MessageSearch"/>
</testsuite> <!-- Pear.news.MessageSearch -->
