<?xml version="1.0" encoding="UTF-8"?>
<!-- Generated by org.testng.reporters.JUnitReportReporter -->
<testsuite hostname="Amanda" name="Pear.link.AddLinkSearch" tests="2" failures="0" timestamp="11 Dec 2017 13:52:41 GMT" time="18.342" errors="0">
  <testcase name="Search" time="6.983" classname="Pear.link.AddLinkSearch"/>
  <testcase name="Login" time="11.359" classname="Pear.link.AddLinkSearch"/>
</testsuite> <!-- Pear.link.AddLinkSearch -->
