<?xml version="1.0" encoding="UTF-8"?>
<!-- Generated by org.testng.reporters.JUnitReportReporter -->
<testsuite hostname="Amanda" name="Pear.authority.AuthorityListClick" tests="2" failures="0" timestamp="12 Dec 2017 02:47:32 GMT" time="18.216" errors="0">
  <testcase name="Login" time="11.441" classname="Pear.authority.AuthorityListClick"/>
  <testcase name="Click" time="6.775" classname="Pear.authority.AuthorityListClick"/>
</testsuite> <!-- Pear.authority.AuthorityListClick -->
