<?xml version="1.0" encoding="UTF-8"?>
<!-- Generated by org.testng.reporters.JUnitReportReporter -->
<testsuite hostname="Amanda" name="Pear.authority.ViewAuthorityClick" tests="2" failures="0" timestamp="14 Dec 2017 07:27:02 GMT" time="17.268" errors="0">
  <testcase name="Click" time="6.720" classname="Pear.authority.ViewAuthorityClick"/>
  <testcase name="Login" time="10.548" classname="Pear.authority.ViewAuthorityClick"/>
</testsuite> <!-- Pear.authority.ViewAuthorityClick -->
