<?xml version="1.0" encoding="UTF-8"?>
<!-- Generated by org.testng.reporters.JUnitReportReporter -->
<testsuite hostname="Amanda" name="Pear.link.ChangeClickNew" tests="2" failures="0" timestamp="11 Dec 2017 13:52:41 GMT" time="28.910" errors="0">
  <testcase name="Login" time="11.262" classname="Pear.link.ChangeClickNew"/>
  <testcase name="change" time="17.648" classname="Pear.link.ChangeClickNew"/>
</testsuite> <!-- Pear.link.ChangeClickNew -->
