<?xml version="1.0" encoding="UTF-8"?>
<!-- Generated by org.testng.reporters.JUnitReportReporter -->
<testsuite hostname="Amanda" name="Pear.link.LinkClick" tests="2" failures="0" timestamp="11 Dec 2017 13:52:41 GMT" time="14.688" errors="0">
  <testcase name="Click" time="3.327" classname="Pear.link.LinkClick"/>
  <testcase name="Login" time="11.361" classname="Pear.link.LinkClick"/>
</testsuite> <!-- Pear.link.LinkClick -->
