<?xml version="1.0" encoding="UTF-8"?>
<!-- Generated by org.testng.reporters.JUnitReportReporter -->
<testsuite hostname="Amanda" name="Pear.login.TestLogin" tests="1" failures="0" timestamp="11 Dec 2017 06:42:29 GMT" time="11.550" errors="0">
  <testcase name="testlogin" time="11.550" classname="Pear.login.TestLogin"/>
</testsuite> <!-- Pear.login.TestLogin -->
