<?xml version="1.0" encoding="UTF-8"?>
<!-- Generated by org.testng.reporters.JUnitReportReporter -->
<testsuite hostname="Amanda" name="Pear.link.ChangeLinkAppear" tests="2" failures="0" timestamp="14 Dec 2017 07:27:02 GMT" time="27.739" errors="0">
  <testcase name="Login" time="10.196" classname="Pear.link.ChangeLinkAppear"/>
  <testcase name="change" time="17.543" classname="Pear.link.ChangeLinkAppear"/>
</testsuite> <!-- Pear.link.ChangeLinkAppear -->
