<?xml version="1.0" encoding="UTF-8"?>
<!-- Generated by org.testng.reporters.JUnitReportReporter -->
<testsuite hostname="Amanda" name="Pear.link.RemoveLink" tests="2" failures="0" timestamp="11 Dec 2017 13:52:41 GMT" time="22.601" errors="0">
  <testcase name="Login" time="12.412" classname="Pear.link.RemoveLink"/>
  <testcase name="remove" time="10.189" classname="Pear.link.RemoveLink"/>
</testsuite> <!-- Pear.link.RemoveLink -->
