<?xml version="1.0" encoding="UTF-8"?>
<!-- Generated by org.testng.reporters.JUnitReportReporter -->
<testsuite skipped="0" hostname="Amanda" name="Pear.news.PubClick" tests="2" failures="0" timestamp="24 十一月 2017 02:49:47 GMT" time="20.106" errors="0">
  <testcase name="Login" time="13.293" classname="Pear.news.PubClick"/>
  <testcase name="Click" time="6.813" classname="Pear.news.PubClick"/>
</testsuite> <!-- Pear.news.PubClick -->
