<?xml version="1.0" encoding="UTF-8"?>
<!-- Generated by org.testng.reporters.JUnitReportReporter -->
<testsuite hostname="Amanda" name="Pear.news.MessageChange" tests="2" failures="0" timestamp="14 Dec 2017 07:27:02 GMT" time="34.304" errors="0">
  <testcase name="change" time="23.878" classname="Pear.news.MessageChange"/>
  <testcase name="Login" time="10.426" classname="Pear.news.MessageChange"/>
</testsuite> <!-- Pear.news.MessageChange -->
