<?xml version="1.0" encoding="UTF-8"?>
<!-- Generated by org.testng.reporters.JUnitReportReporter -->
<testsuite hostname="Amanda" name="Pear.news.PubChange" tests="2" failures="0" timestamp="14 Dec 2017 07:27:02 GMT" time="37.272" errors="0">
  <testcase name="change" time="27.126" classname="Pear.news.PubChange"/>
  <testcase name="Login" time="10.146" classname="Pear.news.PubChange"/>
</testsuite> <!-- Pear.news.PubChange -->
