<?xml version="1.0" encoding="UTF-8"?>
<!-- Generated by org.testng.reporters.JUnitReportReporter -->
<testsuite hostname="Amanda" name="Pear.authority.AuthorityClick" tests="2" failures="0" timestamp="14 Dec 2017 07:27:02 GMT" time="14.062" errors="0">
  <testcase name="Login" time="10.729" classname="Pear.authority.AuthorityClick"/>
  <testcase name="Click" time="3.333" classname="Pear.authority.AuthorityClick"/>
</testsuite> <!-- Pear.authority.AuthorityClick -->
