<?xml version="1.0" encoding="UTF-8"?>
<!-- Generated by org.testng.reporters.JUnitReportReporter -->
<testsuite skipped="0" hostname="Amanda" name="Pear.market.PictureRemove" tests="2" failures="0" timestamp="30 十一月 2017 07:19:43 GMT" time="23.086" errors="0">
  <testcase name="remove" time="10.025" classname="Pear.market.PictureRemove"/>
  <testcase name="Login" time="13.061" classname="Pear.market.PictureRemove"/>
</testsuite> <!-- Pear.market.PictureRemove -->
