<?xml version="1.0" encoding="UTF-8"?>
<!-- Generated by org.testng.reporters.JUnitReportReporter -->
<testsuite skipped="0" hostname="Amanda" name="Pear.news.MessageSearch" tests="2" failures="0" timestamp="28 十一月 2017 06:40:44 GMT" time="23.471" errors="0">
  <testcase name="search" time="10.291" classname="Pear.news.MessageSearch"/>
  <testcase name="Login" time="13.180" classname="Pear.news.MessageSearch"/>
</testsuite> <!-- Pear.news.MessageSearch -->
