<?xml version="1.0" encoding="UTF-8"?>
<!-- Generated by org.testng.reporters.JUnitReportReporter -->
<testsuite hostname="Amanda" name="Pear.link.ChangeLinkAppear" tests="2" failures="0" timestamp="11 Dec 2017 13:52:41 GMT" time="28.510" errors="0">
  <testcase name="change" time="17.465" classname="Pear.link.ChangeLinkAppear"/>
  <testcase name="Login" time="11.045" classname="Pear.link.ChangeLinkAppear"/>
</testsuite> <!-- Pear.link.ChangeLinkAppear -->
