<?xml version="1.0" encoding="UTF-8"?>
<!-- Generated by org.testng.reporters.JUnitReportReporter -->
<testsuite hostname="Amanda" name="Pear.authority.AddAuthorityClick" tests="2" failures="0" timestamp="14 Dec 2017 07:27:02 GMT" time="17.201" errors="0">
  <testcase name="Login" time="10.245" classname="Pear.authority.AddAuthorityClick"/>
  <testcase name="Click" time="6.956" classname="Pear.authority.AddAuthorityClick"/>
</testsuite> <!-- Pear.authority.AddAuthorityClick -->
