<?xml version="1.0" encoding="UTF-8"?>
<!-- Generated by org.testng.reporters.JUnitReportReporter -->
<testsuite hostname="Amanda" name="Pear.news.PubRemove" tests="2" failures="0" timestamp="14 Dec 2017 07:27:02 GMT" time="20.440" errors="0">
  <testcase name="delete" time="9.836" classname="Pear.news.PubRemove"/>
  <testcase name="Login" time="10.604" classname="Pear.news.PubRemove"/>
</testsuite> <!-- Pear.news.PubRemove -->
