<?xml version="1.0" encoding="UTF-8"?>
<!-- Generated by org.testng.reporters.JUnitReportReporter -->
<testsuite hostname="Amanda" name="Pear.talk.TalkClick" tests="2" failures="0" timestamp="14 Dec 2017 07:27:02 GMT" time="13.564" errors="0">
  <testcase name="Click" time="3.308" classname="Pear.talk.TalkClick"/>
  <testcase name="Login" time="10.256" classname="Pear.talk.TalkClick"/>
</testsuite> <!-- Pear.talk.TalkClick -->
