<?xml version="1.0" encoding="UTF-8"?>
<!-- Generated by org.testng.reporters.JUnitReportReporter -->
<testsuite hostname="Amanda" name="Pear.news.PublishMessage" tests="9" failures="0" timestamp="14 Dec 2017 07:27:02 GMT" time="76.116" errors="0">
  <testcase name="publish" time="7.454" classname="Pear.news.PublishMessage"/>
  <testcase name="publish" time="7.289" classname="Pear.news.PublishMessage"/>
  <testcase name="Login" time="17.392" classname="Pear.news.PublishMessage"/>
  <testcase name="publish" time="7.141" classname="Pear.news.PublishMessage"/>
  <testcase name="publish" time="7.331" classname="Pear.news.PublishMessage"/>
  <testcase name="publish" time="7.297" classname="Pear.news.PublishMessage"/>
  <testcase name="publish" time="7.423" classname="Pear.news.PublishMessage"/>
  <testcase name="publish" time="7.598" classname="Pear.news.PublishMessage"/>
  <testcase name="publish" time="7.191" classname="Pear.news.PublishMessage"/>
</testsuite> <!-- Pear.news.PublishMessage -->
