<?xml version="1.0" encoding="UTF-8"?>
<!-- Generated by org.testng.reporters.JUnitReportReporter -->
<testsuite skipped="0" hostname="Amanda" name="Pear.market.StoreClick" tests="2" failures="0" timestamp="28 十一月 2017 07:18:12 GMT" time="16.318" errors="0">
  <testcase name="Login" time="13.032" classname="Pear.market.StoreClick"/>
  <testcase name="Click" time="3.286" classname="Pear.market.StoreClick"/>
</testsuite> <!-- Pear.market.StoreClick -->
