<?xml version="1.0" encoding="UTF-8"?>
<!-- Generated by org.testng.reporters.JUnitReportReporter -->
<testsuite hostname="Amanda" name="Pear.talk.RepoListSelect" tests="2" failures="0" timestamp="14 Dec 2017 07:27:02 GMT" time="20.599" errors="0">
  <testcase name="search" time="10.454" classname="Pear.talk.RepoListSelect"/>
  <testcase name="Login" time="10.145" classname="Pear.talk.RepoListSelect"/>
</testsuite> <!-- Pear.talk.RepoListSelect -->
