<?xml version="1.0" encoding="UTF-8"?>
<!-- Generated by org.testng.reporters.JUnitReportReporter -->
<testsuite hostname="Amanda" name="Pear.authority.RemoveMember" tests="2" failures="0" timestamp="14 Dec 2017 07:27:02 GMT" time="20.062" errors="0">
  <testcase name="remove" time="9.882" classname="Pear.authority.RemoveMember"/>
  <testcase name="Login" time="10.180" classname="Pear.authority.RemoveMember"/>
</testsuite> <!-- Pear.authority.RemoveMember -->
