<?xml version="1.0" encoding="UTF-8"?>
<!-- Generated by org.testng.reporters.JUnitReportReporter -->
<testsuite hostname="Amanda" name="Pear.login.ResetInfo" tests="2" failures="0" timestamp="14 Dec 2017 07:27:02 GMT" time="46.810" errors="0">
  <testcase name="reset" time="36.349" classname="Pear.login.ResetInfo"/>
  <testcase name="login" time="10.461" classname="Pear.login.ResetInfo"/>
</testsuite> <!-- Pear.login.ResetInfo -->
