<?xml version="1.0" encoding="UTF-8"?>
<!-- Generated by org.testng.reporters.JUnitReportReporter -->
<testsuite hostname="Amanda" name="Pear.news.PubClick" tests="2" failures="0" timestamp="14 Dec 2017 07:27:02 GMT" time="17.076" errors="0">
  <testcase name="Login" time="10.208" classname="Pear.news.PubClick"/>
  <testcase name="Click" time="6.868" classname="Pear.news.PubClick"/>
</testsuite> <!-- Pear.news.PubClick -->
