<?xml version="1.0" encoding="UTF-8"?>
<!-- Generated by org.testng.reporters.JUnitReportReporter -->
<testsuite hostname="Amanda" name="Pear.authority.AddAuthority" tests="8" failures="0" timestamp="12 Dec 2017 02:55:54 GMT" time="204.183" errors="0">
  <testcase name="add" time="26.527" classname="Pear.authority.AddAuthority"/>
  <testcase name="add" time="26.462" classname="Pear.authority.AddAuthority"/>
  <testcase name="add" time="26.576" classname="Pear.authority.AddAuthority"/>
  <testcase name="add" time="26.621" classname="Pear.authority.AddAuthority"/>
  <testcase name="add" time="26.527" classname="Pear.authority.AddAuthority"/>
  <testcase name="add" time="26.595" classname="Pear.authority.AddAuthority"/>
  <testcase name="Login" time="18.293" classname="Pear.authority.AddAuthority"/>
  <testcase name="add" time="26.582" classname="Pear.authority.AddAuthority"/>
</testsuite> <!-- Pear.authority.AddAuthority -->
