<?xml version="1.0" encoding="UTF-8"?>
<!-- Generated by org.testng.reporters.JUnitReportReporter -->
<testsuite hostname="Amanda" name="Pear.market.ShopTipsClick" tests="2" failures="0" timestamp="14 Dec 2017 07:27:02 GMT" time="17.710" errors="0">
  <testcase name="Login" time="10.956" classname="Pear.market.ShopTipsClick"/>
  <testcase name="Click" time="6.754" classname="Pear.market.ShopTipsClick"/>
</testsuite> <!-- Pear.market.ShopTipsClick -->
