<?xml version="1.0" encoding="UTF-8"?>
<!-- Generated by org.testng.reporters.JUnitReportReporter -->
<testsuite hostname="Amanda" name="Pear.link.AddLink" tests="4" failures="0" timestamp="11 Dec 2017 13:52:41 GMT" time="35.990" errors="0">
  <testcase name="add" time="13.804" classname="Pear.link.AddLink"/>
  <testcase name="add" time="3.602" classname="Pear.link.AddLink"/>
  <testcase name="add" time="7.193" classname="Pear.link.AddLink"/>
  <testcase name="Login" time="11.391" classname="Pear.link.AddLink"/>
</testsuite> <!-- Pear.link.AddLink -->
