<?xml version="1.0" encoding="UTF-8"?>
<!-- Generated by org.testng.reporters.JUnitReportReporter -->
<testsuite hostname="Amanda" name="Pear.link.ChangeLink" tests="2" failures="0" timestamp="11 Dec 2017 13:34:49 GMT" time="29.137" errors="0">
  <testcase name="change" time="17.533" classname="Pear.link.ChangeLink"/>
  <testcase name="Login" time="11.604" classname="Pear.link.ChangeLink"/>
</testsuite> <!-- Pear.link.ChangeLink -->
